<?xml version="1.0" encoding="utf-8"?>
<coverage line-rate="0.5731" branch-rate="0.6572" version="1.9" timestamp="1768263411" lines-covered="834" lines-valid="1455" branches-covered="163" branches-valid="248">
  <sources>
    <source>C:\Projects\QCells\speckittest\my-project\src\backend\BlobCopy.API\</source>
  </sources>
  <packages>
    <package name="BlobCopy.API" line-rate="0.5731" branch-rate="0.6572" complexity="301">
      <classes>
        <class name="Program/&lt;&lt;Main&gt;$&gt;d__0" filename="Program.cs" line-rate="0" branch-rate="0" complexity="24">
          <methods>
            <method name="MoveNext" signature="()" line-rate="0" branch-rate="0" complexity="24">
              <lines>
                <line number="7" hits="0" branch="False" />
                <line number="13" hits="0" branch="True" condition-coverage="0% (0/2)">
                  <conditions>
                    <condition number="78" type="jump" coverage="0%" />
                  </conditions>
                </line>
                <line number="14" hits="0" branch="False" />
                <line number="16" hits="0" branch="False" />
                <line number="17" hits="0" branch="False" />
                <line number="24" hits="0" branch="False" />
                <line number="25" hits="0" branch="False" />
                <line number="28" hits="0" branch="False" />
                <line number="31" hits="0" branch="False" />
                <line number="34" hits="0" branch="False" />
                <line number="35" hits="0" branch="False" />
                <line number="36" hits="0" branch="False" />
                <line number="38" hits="0" branch="True" condition-coverage="0% (0/2)">
                  <conditions>
                    <condition number="331" type="jump" coverage="0%" />
                  </conditions>
                </line>
                <line number="39" hits="0" branch="False" />
                <line number="40" hits="0" branch="False" />
                <line number="41" hits="0" branch="False" />
                <line number="42" hits="0" branch="False" />
                <line number="45" hits="0" branch="False" />
                <line number="48" hits="0" branch="False" />
                <line number="51" hits="0" branch="True" condition-coverage="0% (0/2)">
                  <conditions>
                    <condition number="447" type="jump" coverage="0%" />
                  </conditions>
                </line>
                <line number="52" hits="0" branch="False" />
                <line number="54" hits="0" branch="False" />
                <line number="55" hits="0" branch="True" condition-coverage="0% (0/2)">
                  <conditions>
                    <condition number="498" type="jump" coverage="0%" />
                  </conditions>
                </line>
                <line number="56" hits="0" branch="False" />
                <line number="57" hits="0" branch="False" />
                <line number="58" hits="0" branch="False" />
                <line number="60" hits="0" branch="False" />
                <line number="61" hits="0" branch="False" />
                <line number="62" hits="0" branch="False" />
                <line number="63" hits="0" branch="False" />
                <line number="65" hits="0" branch="False" />
                <line number="67" hits="0" branch="False" />
                <line number="68" hits="0" branch="False" />
                <line number="71" hits="0" branch="False" />
                <line number="72" hits="0" branch="False" />
                <line number="73" hits="0" branch="True" condition-coverage="0% (0/2)">
                  <conditions>
                    <condition number="14" type="jump" coverage="0%" />
                  </conditions>
                </line>
                <line number="74" hits="0" branch="False" />
                <line number="75" hits="0" branch="True" condition-coverage="0% (0/2)">
                  <conditions>
                    <condition number="28" type="jump" coverage="0%" />
                  </conditions>
                </line>
                <line number="76" hits="0" branch="False" />
                <line number="77" hits="0" branch="False" />
                <line number="78" hits="0" branch="True" condition-coverage="0% (0/2)">
                  <conditions>
                    <condition number="59" type="jump" coverage="0%" />
                  </conditions>
                </line>
                <line number="79" hits="0" branch="False" />
                <line number="80" hits="0" branch="False" />
                <line number="81" hits="0" branch="False" />
                <line number="82" hits="0" branch="False" />
                <line number="83" hits="0" branch="False" />
                <line number="84" hits="0" branch="False" />
                <line number="85" hits="0" branch="False" />
                <line number="86" hits="0" branch="False" />
                <line number="87" hits="0" branch="False" />
                <line number="88" hits="0" branch="False" />
                <line number="89" hits="0" branch="False" />
                <line number="90" hits="0" branch="False" />
                <line number="91" hits="0" branch="False" />
                <line number="92" hits="0" branch="False" />
                <line number="95" hits="0" branch="False" />
                <line number="96" hits="0" branch="False" />
                <line number="97" hits="0" branch="False" />
                <line number="98" hits="0" branch="False" />
                <line number="99" hits="0" branch="True" condition-coverage="0% (0/2)">
                  <conditions>
                    <condition number="24" type="jump" coverage="0%" />
                  </conditions>
                </line>
                <line number="100" hits="0" branch="False" />
                <line number="101" hits="0" branch="True" condition-coverage="0% (0/2)">
                  <conditions>
                    <condition number="61" type="jump" coverage="0%" />
                  </conditions>
                </line>
                <line number="102" hits="0" branch="False" />
                <line number="103" hits="0" branch="False" />
                <line number="106" hits="0" branch="False" />
                <line number="109" hits="0" branch="False" />
                <line number="110" hits="0" branch="False" />
                <line number="111" hits="0" branch="False" />
                <line number="112" hits="0" branch="False" />
                <line number="113" hits="0" branch="False" />
                <line number="114" hits="0" branch="False" />
                <line number="115" hits="0" branch="False" />
                <line number="116" hits="0" branch="False" />
                <line number="117" hits="0" branch="False" />
                <line number="118" hits="0" branch="False" />
                <line number="119" hits="0" branch="False" />
                <line number="120" hits="0" branch="False" />
                <line number="121" hits="0" branch="False" />
                <line number="122" hits="0" branch="False" />
                <line number="123" hits="0" branch="True" condition-coverage="0% (0/2)">
                  <conditions>
                    <condition number="148" type="jump" coverage="0%" />
                  </conditions>
                </line>
                <line number="124" hits="0" branch="False" />
                <line number="125" hits="0" branch="False" />
                <line number="126" hits="0" branch="False" />
                <line number="127" hits="0" branch="False" />
                <line number="133" hits="0" branch="False" />
                <line number="139" hits="0" branch="True" condition-coverage="0% (0/2)">
                  <conditions>
                    <condition number="807" type="jump" coverage="0%" />
                  </conditions>
                </line>
                <line number="140" hits="0" branch="False" />
                <line number="141" hits="0" branch="False" />
                <line number="142" hits="0" branch="False" />
                <line number="143" hits="0" branch="False" />
                <line number="144" hits="0" branch="False" />
                <line number="145" hits="0" branch="False" />
                <line number="146" hits="0" branch="False" />
                <line number="147" hits="0" branch="False" />
                <line number="150" hits="0" branch="True" condition-coverage="0% (0/2)">
                  <conditions>
                    <condition number="890" type="jump" coverage="0%" />
                  </conditions>
                </line>
                <line number="151" hits="0" branch="False" />
                <line number="152" hits="0" branch="False" />
                <line number="153" hits="0" branch="False" />
                <line number="156" hits="0" branch="False" />
                <line number="159" hits="0" branch="False" />
                <line number="162" hits="0" branch="False" />
                <line number="163" hits="0" branch="False" />
                <line number="166" hits="0" branch="False" />
                <line number="169" hits="0" branch="False" />
                <line number="172" hits="0" branch="False" />
                <line number="178" hits="0" branch="False" />
                <line number="179" hits="0" branch="False" />
                <line number="181" hits="0" branch="False" />
              </lines>
            </method>
          </methods>
          <lines>
            <line number="7" hits="0" branch="False" />
            <line number="13" hits="0" branch="True" condition-coverage="0% (0/2)">
              <conditions>
                <condition number="78" type="jump" coverage="0%" />
              </conditions>
            </line>
            <line number="14" hits="0" branch="False" />
            <line number="16" hits="0" branch="False" />
            <line number="17" hits="0" branch="False" />
            <line number="24" hits="0" branch="False" />
            <line number="25" hits="0" branch="False" />
            <line number="28" hits="0" branch="False" />
            <line number="31" hits="0" branch="False" />
            <line number="34" hits="0" branch="False" />
            <line number="35" hits="0" branch="False" />
            <line number="36" hits="0" branch="False" />
            <line number="38" hits="0" branch="True" condition-coverage="0% (0/2)">
              <conditions>
                <condition number="331" type="jump" coverage="0%" />
              </conditions>
            </line>
            <line number="39" hits="0" branch="False" />
            <line number="40" hits="0" branch="False" />
            <line number="41" hits="0" branch="False" />
            <line number="42" hits="0" branch="False" />
            <line number="45" hits="0" branch="False" />
            <line number="48" hits="0" branch="False" />
            <line number="51" hits="0" branch="True" condition-coverage="0% (0/2)">
              <conditions>
                <condition number="447" type="jump" coverage="0%" />
              </conditions>
            </line>
            <line number="52" hits="0" branch="False" />
            <line number="54" hits="0" branch="False" />
            <line number="55" hits="0" branch="True" condition-coverage="0% (0/2)">
              <conditions>
                <condition number="498" type="jump" coverage="0%" />
              </conditions>
            </line>
            <line number="56" hits="0" branch="False" />
            <line number="57" hits="0" branch="False" />
            <line number="58" hits="0" branch="False" />
            <line number="60" hits="0" branch="False" />
            <line number="61" hits="0" branch="False" />
            <line number="62" hits="0" branch="False" />
            <line number="63" hits="0" branch="False" />
            <line number="65" hits="0" branch="False" />
            <line number="67" hits="0" branch="False" />
            <line number="68" hits="0" branch="False" />
            <line number="71" hits="0" branch="False" />
            <line number="72" hits="0" branch="False" />
            <line number="73" hits="0" branch="True" condition-coverage="0% (0/2)">
              <conditions>
                <condition number="14" type="jump" coverage="0%" />
              </conditions>
            </line>
            <line number="74" hits="0" branch="False" />
            <line number="75" hits="0" branch="True" condition-coverage="0% (0/2)">
              <conditions>
                <condition number="28" type="jump" coverage="0%" />
              </conditions>
            </line>
            <line number="76" hits="0" branch="False" />
            <line number="77" hits="0" branch="False" />
            <line number="78" hits="0" branch="True" condition-coverage="0% (0/2)">
              <conditions>
                <condition number="59" type="jump" coverage="0%" />
              </conditions>
            </line>
            <line number="79" hits="0" branch="False" />
            <line number="80" hits="0" branch="False" />
            <line number="81" hits="0" branch="False" />
            <line number="82" hits="0" branch="False" />
            <line number="83" hits="0" branch="False" />
            <line number="84" hits="0" branch="False" />
            <line number="85" hits="0" branch="False" />
            <line number="86" hits="0" branch="False" />
            <line number="87" hits="0" branch="False" />
            <line number="88" hits="0" branch="False" />
            <line number="89" hits="0" branch="False" />
            <line number="90" hits="0" branch="False" />
            <line number="91" hits="0" branch="False" />
            <line number="92" hits="0" branch="False" />
            <line number="95" hits="0" branch="False" />
            <line number="96" hits="0" branch="False" />
            <line number="97" hits="0" branch="False" />
            <line number="98" hits="0" branch="False" />
            <line number="99" hits="0" branch="True" condition-coverage="0% (0/2)">
              <conditions>
                <condition number="24" type="jump" coverage="0%" />
              </conditions>
            </line>
            <line number="100" hits="0" branch="False" />
            <line number="101" hits="0" branch="True" condition-coverage="0% (0/2)">
              <conditions>
                <condition number="61" type="jump" coverage="0%" />
              </conditions>
            </line>
            <line number="102" hits="0" branch="False" />
            <line number="103" hits="0" branch="False" />
            <line number="106" hits="0" branch="False" />
            <line number="109" hits="0" branch="False" />
            <line number="110" hits="0" branch="False" />
            <line number="111" hits="0" branch="False" />
            <line number="112" hits="0" branch="False" />
            <line number="113" hits="0" branch="False" />
            <line number="114" hits="0" branch="False" />
            <line number="115" hits="0" branch="False" />
            <line number="116" hits="0" branch="False" />
            <line number="117" hits="0" branch="False" />
            <line number="118" hits="0" branch="False" />
            <line number="119" hits="0" branch="False" />
            <line number="120" hits="0" branch="False" />
            <line number="121" hits="0" branch="False" />
            <line number="122" hits="0" branch="False" />
            <line number="123" hits="0" branch="True" condition-coverage="0% (0/2)">
              <conditions>
                <condition number="148" type="jump" coverage="0%" />
              </conditions>
            </line>
            <line number="124" hits="0" branch="False" />
            <line number="125" hits="0" branch="False" />
            <line number="126" hits="0" branch="False" />
            <line number="127" hits="0" branch="False" />
            <line number="133" hits="0" branch="False" />
            <line number="139" hits="0" branch="True" condition-coverage="0% (0/2)">
              <conditions>
                <condition number="807" type="jump" coverage="0%" />
              </conditions>
            </line>
            <line number="140" hits="0" branch="False" />
            <line number="141" hits="0" branch="False" />
            <line number="142" hits="0" branch="False" />
            <line number="143" hits="0" branch="False" />
            <line number="144" hits="0" branch="False" />
            <line number="145" hits="0" branch="False" />
            <line number="146" hits="0" branch="False" />
            <line number="147" hits="0" branch="False" />
            <line number="150" hits="0" branch="True" condition-coverage="0% (0/2)">
              <conditions>
                <condition number="890" type="jump" coverage="0%" />
              </conditions>
            </line>
            <line number="151" hits="0" branch="False" />
            <line number="152" hits="0" branch="False" />
            <line number="153" hits="0" branch="False" />
            <line number="156" hits="0" branch="False" />
            <line number="159" hits="0" branch="False" />
            <line number="162" hits="0" branch="False" />
            <line number="163" hits="0" branch="False" />
            <line number="166" hits="0" branch="False" />
            <line number="169" hits="0" branch="False" />
            <line number="172" hits="0" branch="False" />
            <line number="178" hits="0" branch="False" />
            <line number="179" hits="0" branch="False" />
            <line number="181" hits="0" branch="False" />
          </lines>
        </class>
        <class name="BlobCopy.API.Services.BlobClientFactory" filename="Services\BlobClientFactory.cs" line-rate="0" branch-rate="1" complexity="1">
          <methods>
            <method name="CreateBlobClient" signature="(System.String)" line-rate="0" branch-rate="1" complexity="1">
              <lines>
                <line number="12" hits="0" branch="False" />
                <line number="13" hits="0" branch="False" />
                <line number="14" hits="0" branch="False" />
              </lines>
            </method>
          </methods>
          <lines>
            <line number="12" hits="0" branch="False" />
            <line number="13" hits="0" branch="False" />
            <line number="14" hits="0" branch="False" />
          </lines>
        </class>
        <class name="BlobCopy.API.Services.BlobCopyService" filename="Services\BlobCopyService.cs" line-rate="1" branch-rate="0.875" complexity="8">
          <methods>
            <method name="GetOperationStatus" signature="(System.String)" line-rate="1" branch-rate="1" complexity="2">
              <lines>
                <line number="326" hits="18" branch="False" />
                <line number="327" hits="18" branch="True" condition-coverage="100% (2/2)">
                  <conditions>
                    <condition number="9" type="jump" coverage="100%" />
                  </conditions>
                </line>
                <line number="328" hits="2" branch="False" />
                <line number="330" hits="16" branch="False" />
                <line number="331" hits="16" branch="False" />
                <line number="332" hits="16" branch="False" />
                <line number="333" hits="16" branch="False" />
                <line number="335" hits="16" branch="False" />
              </lines>
            </method>
            <method name=".ctor" signature="(Azure.Storage.Blobs.BlobServiceClient,BlobCopy.API.Services.IBlobClientFactory,Microsoft.Extensions.Logging.ILogger`1&lt;BlobCopy.API.Services.BlobCopyService&gt;)" line-rate="1" branch-rate="0.8332999999999999" complexity="6">
              <lines>
                <line number="71" hits="31" branch="False" />
                <line number="72" hits="31" branch="False" />
                <line number="83" hits="31" branch="False" />
                <line number="84" hits="31" branch="False" />
                <line number="85" hits="31" branch="False" />
                <line number="86" hits="31" branch="False" />
                <line number="87" hits="31" branch="False" />
                <line number="88" hits="31" branch="True" condition-coverage="100% (2/2)">
                  <conditions>
                    <condition number="33" type="jump" coverage="100%" />
                  </conditions>
                </line>
                <line number="89" hits="30" branch="True" condition-coverage="50% (1/2)">
                  <conditions>
                    <condition number="55" type="jump" coverage="50%" />
                  </conditions>
                </line>
                <line number="90" hits="30" branch="True" condition-coverage="100% (2/2)">
                  <conditions>
                    <condition number="77" type="jump" coverage="100%" />
                  </conditions>
                </line>
                <line number="91" hits="29" branch="False" />
              </lines>
            </method>
          </methods>
          <lines>
            <line number="326" hits="18" branch="False" />
            <line number="327" hits="18" branch="True" condition-coverage="100% (2/2)">
              <conditions>
                <condition number="9" type="jump" coverage="100%" />
              </conditions>
            </line>
            <line number="328" hits="2" branch="False" />
            <line number="330" hits="16" branch="False" />
            <line number="331" hits="16" branch="False" />
            <line number="332" hits="16" branch="False" />
            <line number="333" hits="16" branch="False" />
            <line number="335" hits="16" branch="False" />
            <line number="71" hits="31" branch="False" />
            <line number="72" hits="31" branch="False" />
            <line number="83" hits="31" branch="False" />
            <line number="84" hits="31" branch="False" />
            <line number="85" hits="31" branch="False" />
            <line number="86" hits="31" branch="False" />
            <line number="87" hits="31" branch="False" />
            <line number="88" hits="31" branch="True" condition-coverage="100% (2/2)">
              <conditions>
                <condition number="33" type="jump" coverage="100%" />
              </conditions>
            </line>
            <line number="89" hits="30" branch="True" condition-coverage="50% (1/2)">
              <conditions>
                <condition number="55" type="jump" coverage="50%" />
              </conditions>
            </line>
            <line number="90" hits="30" branch="True" condition-coverage="100% (2/2)">
              <conditions>
                <condition number="77" type="jump" coverage="100%" />
              </conditions>
            </line>
            <line number="91" hits="29" branch="False" />
          </lines>
        </class>
        <class name="BlobCopy.API.Services.BlobCopyService/&lt;CancelCopyAsync&gt;d__12" filename="Services\BlobCopyService.cs" line-rate="1" branch-rate="1" complexity="10">
          <methods>
            <method name="MoveNext" signature="()" line-rate="1" branch-rate="1" complexity="10">
              <lines>
                <line number="268" hits="6" branch="False" />
                <line number="269" hits="6" branch="True" condition-coverage="100% (2/2)">
                  <conditions>
                    <condition number="21" type="jump" coverage="100%" />
                  </conditions>
                </line>
                <line number="270" hits="2" branch="False" />
                <line number="272" hits="4" branch="False" />
                <line number="273" hits="4" branch="False" />
                <line number="274" hits="4" branch="True" condition-coverage="100% (2/2)">
                  <conditions>
                    <condition number="115" type="jump" coverage="100%" />
                  </conditions>
                </line>
                <line number="275" hits="1" branch="False" />
                <line number="276" hits="1" branch="False" />
                <line number="277" hits="1" branch="False" />
                <line number="278" hits="1" branch="False" />
                <line number="279" hits="1" branch="False" />
                <line number="280" hits="1" branch="False" />
                <line number="281" hits="1" branch="False" />
                <line number="282" hits="1" branch="False" />
                <line number="283" hits="1" branch="False" />
                <line number="284" hits="1" branch="False" />
                <line number="285" hits="1" branch="False" />
                <line number="286" hits="1" branch="False" />
                <line number="287" hits="1" branch="False" />
                <line number="288" hits="1" branch="False" />
                <line number="289" hits="1" branch="False" />
                <line number="290" hits="1" branch="False" />
                <line number="291" hits="1" branch="False" />
                <line number="292" hits="1" branch="False" />
                <line number="293" hits="1" branch="False" />
                <line number="296" hits="3" branch="True" condition-coverage="100% (4/4)">
                  <conditions>
                    <condition number="298" type="jump" coverage="100%" />
                    <condition number="321" type="jump" coverage="100%" />
                  </conditions>
                </line>
                <line number="297" hits="2" branch="False" />
                <line number="298" hits="2" branch="False" />
                <line number="299" hits="2" branch="False" />
                <line number="300" hits="2" branch="False" />
                <line number="301" hits="2" branch="False" />
                <line number="302" hits="1" branch="True" condition-coverage="100% (2/2)">
                  <conditions>
                    <condition number="420" type="jump" coverage="100%" />
                  </conditions>
                </line>
                <line number="303" hits="1" branch="False" />
                <line number="304" hits="1" branch="False" />
                <line number="305" hits="1" branch="False" />
                <line number="306" hits="1" branch="False" />
                <line number="307" hits="1" branch="False" />
                <line number="308" hits="1" branch="False" />
                <line number="309" hits="1" branch="False" />
                <line number="310" hits="1" branch="False" />
                <line number="311" hits="1" branch="False" />
                <line number="312" hits="1" branch="False" />
                <line number="313" hits="1" branch="False" />
                <line number="314" hits="1" branch="False" />
                <line number="315" hits="1" branch="False" />
                <line number="316" hits="1" branch="False" />
                <line number="317" hits="1" branch="False" />
                <line number="318" hits="1" branch="False" />
                <line number="319" hits="1" branch="False" />
                <line number="321" hits="3" branch="False" />
                <line number="323" hits="4" branch="False" />
              </lines>
            </method>
          </methods>
          <lines>
            <line number="268" hits="6" branch="False" />
            <line number="269" hits="6" branch="True" condition-coverage="100% (2/2)">
              <conditions>
                <condition number="21" type="jump" coverage="100%" />
              </conditions>
            </line>
            <line number="270" hits="2" branch="False" />
            <line number="272" hits="4" branch="False" />
            <line number="273" hits="4" branch="False" />
            <line number="274" hits="4" branch="True" condition-coverage="100% (2/2)">
              <conditions>
                <condition number="115" type="jump" coverage="100%" />
              </conditions>
            </line>
            <line number="275" hits="1" branch="False" />
            <line number="276" hits="1" branch="False" />
            <line number="277" hits="1" branch="False" />
            <line number="278" hits="1" branch="False" />
            <line number="279" hits="1" branch="False" />
            <line number="280" hits="1" branch="False" />
            <line number="281" hits="1" branch="False" />
            <line number="282" hits="1" branch="False" />
            <line number="283" hits="1" branch="False" />
            <line number="284" hits="1" branch="False" />
            <line number="285" hits="1" branch="False" />
            <line number="286" hits="1" branch="False" />
            <line number="287" hits="1" branch="False" />
            <line number="288" hits="1" branch="False" />
            <line number="289" hits="1" branch="False" />
            <line number="290" hits="1" branch="False" />
            <line number="291" hits="1" branch="False" />
            <line number="292" hits="1" branch="False" />
            <line number="293" hits="1" branch="False" />
            <line number="296" hits="3" branch="True" condition-coverage="100% (4/4)">
              <conditions>
                <condition number="298" type="jump" coverage="100%" />
                <condition number="321" type="jump" coverage="100%" />
              </conditions>
            </line>
            <line number="297" hits="2" branch="False" />
            <line number="298" hits="2" branch="False" />
            <line number="299" hits="2" branch="False" />
            <line number="300" hits="2" branch="False" />
            <line number="301" hits="2" branch="False" />
            <line number="302" hits="1" branch="True" condition-coverage="100% (2/2)">
              <conditions>
                <condition number="420" type="jump" coverage="100%" />
              </conditions>
            </line>
            <line number="303" hits="1" branch="False" />
            <line number="304" hits="1" branch="False" />
            <line number="305" hits="1" branch="False" />
            <line number="306" hits="1" branch="False" />
            <line number="307" hits="1" branch="False" />
            <line number="308" hits="1" branch="False" />
            <line number="309" hits="1" branch="False" />
            <line number="310" hits="1" branch="False" />
            <line number="311" hits="1" branch="False" />
            <line number="312" hits="1" branch="False" />
            <line number="313" hits="1" branch="False" />
            <line number="314" hits="1" branch="False" />
            <line number="315" hits="1" branch="False" />
            <line number="316" hits="1" branch="False" />
            <line number="317" hits="1" branch="False" />
            <line number="318" hits="1" branch="False" />
            <line number="319" hits="1" branch="False" />
            <line number="321" hits="3" branch="False" />
            <line number="323" hits="4" branch="False" />
          </lines>
        </class>
        <class name="BlobCopy.API.Services.BlobCopyService/&lt;ExecuteCopyAsync&gt;d__11" filename="Services\BlobCopyService.cs" line-rate="0.0384" branch-rate="0.1666" complexity="6">
          <methods>
            <method name="MoveNext" signature="()" line-rate="0.0384" branch-rate="0.1666" complexity="6">
              <lines>
                <line number="160" hits="1" branch="False" />
                <line number="161" hits="1" branch="True" condition-coverage="50% (1/2)">
                  <conditions>
                    <condition number="27" type="jump" coverage="50%" />
                  </conditions>
                </line>
                <line number="162" hits="1" branch="False" />
                <line number="165" hits="0" branch="False" />
                <line number="166" hits="0" branch="False" />
                <line number="167" hits="0" branch="False" />
                <line number="169" hits="0" branch="False" />
                <line number="170" hits="0" branch="False" />
                <line number="171" hits="0" branch="False" />
                <line number="172" hits="0" branch="False" />
                <line number="173" hits="0" branch="False" />
                <line number="175" hits="0" branch="False" />
                <line number="176" hits="0" branch="False" />
                <line number="179" hits="0" branch="False" />
                <line number="180" hits="0" branch="False" />
                <line number="182" hits="0" branch="False" />
                <line number="183" hits="0" branch="False" />
                <line number="184" hits="0" branch="False" />
                <line number="185" hits="0" branch="False" />
                <line number="186" hits="0" branch="False" />
                <line number="189" hits="0" branch="False" />
                <line number="190" hits="0" branch="False" />
                <line number="191" hits="0" branch="False" />
                <line number="192" hits="0" branch="False" />
                <line number="194" hits="0" branch="False" />
                <line number="195" hits="0" branch="False" />
                <line number="196" hits="0" branch="False" />
                <line number="197" hits="0" branch="False" />
                <line number="198" hits="0" branch="False" />
                <line number="200" hits="0" branch="False" />
                <line number="201" hits="0" branch="False" />
                <line number="203" hits="0" branch="False" />
                <line number="205" hits="0" branch="False" />
                <line number="206" hits="0" branch="False" />
                <line number="208" hits="0" branch="False" />
                <line number="209" hits="0" branch="True" condition-coverage="0% (0/2)">
                  <conditions>
                    <condition number="890" type="jump" coverage="0%" />
                  </conditions>
                </line>
                <line number="210" hits="0" branch="False" />
                <line number="211" hits="0" branch="False" />
                <line number="213" hits="0" branch="False" />
                <line number="214" hits="0" branch="False" />
                <line number="215" hits="0" branch="False" />
                <line number="216" hits="0" branch="False" />
                <line number="217" hits="0" branch="False" />
                <line number="218" hits="0" branch="False" />
                <line number="221" hits="0" branch="True" condition-coverage="0% (0/2)">
                  <conditions>
                    <condition number="1039" type="jump" coverage="0%" />
                  </conditions>
                </line>
                <line number="222" hits="0" branch="False" />
                <line number="223" hits="0" branch="False" />
                <line number="224" hits="0" branch="False" />
                <line number="226" hits="0" branch="False" />
                <line number="227" hits="0" branch="False" />
                <line number="228" hits="0" branch="False" />
                <line number="229" hits="0" branch="False" />
                <line number="231" hits="0" branch="False" />
                <line number="233" hits="0" branch="False" />
                <line number="234" hits="0" branch="False" />
                <line number="235" hits="0" branch="False" />
                <line number="236" hits="0" branch="False" />
                <line number="237" hits="0" branch="False" />
                <line number="238" hits="0" branch="False" />
                <line number="239" hits="0" branch="False" />
                <line number="241" hits="0" branch="False" />
                <line number="242" hits="0" branch="False" />
                <line number="243" hits="0" branch="False" />
                <line number="244" hits="0" branch="False" />
                <line number="246" hits="0" branch="False" />
                <line number="248" hits="0" branch="False" />
                <line number="249" hits="0" branch="False" />
                <line number="250" hits="0" branch="False" />
                <line number="251" hits="0" branch="False" />
                <line number="252" hits="0" branch="False" />
                <line number="253" hits="0" branch="False" />
                <line number="254" hits="0" branch="False" />
                <line number="256" hits="0" branch="False" />
                <line number="257" hits="0" branch="False" />
                <line number="258" hits="0" branch="False" />
                <line number="259" hits="0" branch="False" />
                <line number="261" hits="0" branch="False" />
                <line number="263" hits="0" branch="False" />
              </lines>
            </method>
          </methods>
          <lines>
            <line number="160" hits="1" branch="False" />
            <line number="161" hits="1" branch="True" condition-coverage="50% (1/2)">
              <conditions>
                <condition number="27" type="jump" coverage="50%" />
              </conditions>
            </line>
            <line number="162" hits="1" branch="False" />
            <line number="165" hits="0" branch="False" />
            <line number="166" hits="0" branch="False" />
            <line number="167" hits="0" branch="False" />
            <line number="169" hits="0" branch="False" />
            <line number="170" hits="0" branch="False" />
            <line number="171" hits="0" branch="False" />
            <line number="172" hits="0" branch="False" />
            <line number="173" hits="0" branch="False" />
            <line number="175" hits="0" branch="False" />
            <line number="176" hits="0" branch="False" />
            <line number="179" hits="0" branch="False" />
            <line number="180" hits="0" branch="False" />
            <line number="182" hits="0" branch="False" />
            <line number="183" hits="0" branch="False" />
            <line number="184" hits="0" branch="False" />
            <line number="185" hits="0" branch="False" />
            <line number="186" hits="0" branch="False" />
            <line number="189" hits="0" branch="False" />
            <line number="190" hits="0" branch="False" />
            <line number="191" hits="0" branch="False" />
            <line number="192" hits="0" branch="False" />
            <line number="194" hits="0" branch="False" />
            <line number="195" hits="0" branch="False" />
            <line number="196" hits="0" branch="False" />
            <line number="197" hits="0" branch="False" />
            <line number="198" hits="0" branch="False" />
            <line number="200" hits="0" branch="False" />
            <line number="201" hits="0" branch="False" />
            <line number="203" hits="0" branch="False" />
            <line number="205" hits="0" branch="False" />
            <line number="206" hits="0" branch="False" />
            <line number="208" hits="0" branch="False" />
            <line number="209" hits="0" branch="True" condition-coverage="0% (0/2)">
              <conditions>
                <condition number="890" type="jump" coverage="0%" />
              </conditions>
            </line>
            <line number="210" hits="0" branch="False" />
            <line number="211" hits="0" branch="False" />
            <line number="213" hits="0" branch="False" />
            <line number="214" hits="0" branch="False" />
            <line number="215" hits="0" branch="False" />
            <line number="216" hits="0" branch="False" />
            <line number="217" hits="0" branch="False" />
            <line number="218" hits="0" branch="False" />
            <line number="221" hits="0" branch="True" condition-coverage="0% (0/2)">
              <conditions>
                <condition number="1039" type="jump" coverage="0%" />
              </conditions>
            </line>
            <line number="222" hits="0" branch="False" />
            <line number="223" hits="0" branch="False" />
            <line number="224" hits="0" branch="False" />
            <line number="226" hits="0" branch="False" />
            <line number="227" hits="0" branch="False" />
            <line number="228" hits="0" branch="False" />
            <line number="229" hits="0" branch="False" />
            <line number="231" hits="0" branch="False" />
            <line number="233" hits="0" branch="False" />
            <line number="234" hits="0" branch="False" />
            <line number="235" hits="0" branch="False" />
            <line number="236" hits="0" branch="False" />
            <line number="237" hits="0" branch="False" />
            <line number="238" hits="0" branch="False" />
            <line number="239" hits="0" branch="False" />
            <line number="241" hits="0" branch="False" />
            <line number="242" hits="0" branch="False" />
            <line number="243" hits="0" branch="False" />
            <line number="244" hits="0" branch="False" />
            <line number="246" hits="0" branch="False" />
            <line number="248" hits="0" branch="False" />
            <line number="249" hits="0" branch="False" />
            <line number="250" hits="0" branch="False" />
            <line number="251" hits="0" branch="False" />
            <line number="252" hits="0" branch="False" />
            <line number="253" hits="0" branch="False" />
            <line number="254" hits="0" branch="False" />
            <line number="256" hits="0" branch="False" />
            <line number="257" hits="0" branch="False" />
            <line number="258" hits="0" branch="False" />
            <line number="259" hits="0" branch="False" />
            <line number="261" hits="0" branch="False" />
            <line number="263" hits="0" branch="False" />
          </lines>
        </class>
        <class name="BlobCopy.API.Services.BlobCopyService/&lt;StartCopyAsync&gt;d__10" filename="Services\BlobCopyService.cs" line-rate="1" branch-rate="1" complexity="6">
          <methods>
            <method name="MoveNext" signature="()" line-rate="1" branch-rate="1" complexity="6">
              <lines>
                <line number="98" hits="28" branch="False" />
                <line number="99" hits="28" branch="True" condition-coverage="100% (2/2)">
                  <conditions>
                    <condition number="31" type="jump" coverage="100%" />
                  </conditions>
                </line>
                <line number="100" hits="2" branch="False" />
                <line number="101" hits="26" branch="True" condition-coverage="100% (2/2)">
                  <conditions>
                    <condition number="62" type="jump" coverage="100%" />
                  </conditions>
                </line>
                <line number="102" hits="2" branch="False" />
                <line number="103" hits="24" branch="True" condition-coverage="100% (2/2)">
                  <conditions>
                    <condition number="95" type="jump" coverage="100%" />
                  </conditions>
                </line>
                <line number="104" hits="2" branch="False" />
                <line number="106" hits="22" branch="False" />
                <line number="107" hits="22" branch="False" />
                <line number="108" hits="22" branch="False" />
                <line number="109" hits="22" branch="False" />
                <line number="110" hits="22" branch="False" />
                <line number="111" hits="22" branch="False" />
                <line number="112" hits="22" branch="False" />
                <line number="113" hits="22" branch="False" />
                <line number="114" hits="22" branch="False" />
                <line number="115" hits="22" branch="False" />
                <line number="116" hits="22" branch="False" />
                <line number="117" hits="22" branch="False" />
                <line number="121" hits="22" branch="False" />
                <line number="122" hits="22" branch="False" />
                <line number="123" hits="22" branch="False" />
                <line number="124" hits="21" branch="False" />
                <line number="126" hits="21" branch="False" />
                <line number="127" hits="21" branch="False" />
                <line number="128" hits="21" branch="False" />
                <line number="129" hits="21" branch="False" />
                <line number="130" hits="21" branch="False" />
                <line number="131" hits="21" branch="False" />
                <line number="132" hits="21" branch="False" />
                <line number="133" hits="21" branch="False" />
                <line number="134" hits="1" branch="False" />
                <line number="135" hits="1" branch="False" />
                <line number="136" hits="1" branch="False" />
                <line number="137" hits="1" branch="False" />
                <line number="138" hits="1" branch="False" />
                <line number="139" hits="1" branch="False" />
                <line number="140" hits="1" branch="False" />
                <line number="141" hits="1" branch="False" />
                <line number="142" hits="1" branch="False" />
                <line number="143" hits="1" branch="False" />
                <line number="144" hits="1" branch="False" />
                <line number="145" hits="1" branch="False" />
                <line number="146" hits="1" branch="False" />
                <line number="148" hits="22" branch="False" />
                <line number="149" hits="22" branch="False" />
                <line number="150" hits="22" branch="False" />
                <line number="151" hits="22" branch="False" />
                <line number="153" hits="22" branch="False" />
                <line number="154" hits="22" branch="False" />
              </lines>
            </method>
          </methods>
          <lines>
            <line number="98" hits="28" branch="False" />
            <line number="99" hits="28" branch="True" condition-coverage="100% (2/2)">
              <conditions>
                <condition number="31" type="jump" coverage="100%" />
              </conditions>
            </line>
            <line number="100" hits="2" branch="False" />
            <line number="101" hits="26" branch="True" condition-coverage="100% (2/2)">
              <conditions>
                <condition number="62" type="jump" coverage="100%" />
              </conditions>
            </line>
            <line number="102" hits="2" branch="False" />
            <line number="103" hits="24" branch="True" condition-coverage="100% (2/2)">
              <conditions>
                <condition number="95" type="jump" coverage="100%" />
              </conditions>
            </line>
            <line number="104" hits="2" branch="False" />
            <line number="106" hits="22" branch="False" />
            <line number="107" hits="22" branch="False" />
            <line number="108" hits="22" branch="False" />
            <line number="109" hits="22" branch="False" />
            <line number="110" hits="22" branch="False" />
            <line number="111" hits="22" branch="False" />
            <line number="112" hits="22" branch="False" />
            <line number="113" hits="22" branch="False" />
            <line number="114" hits="22" branch="False" />
            <line number="115" hits="22" branch="False" />
            <line number="116" hits="22" branch="False" />
            <line number="117" hits="22" branch="False" />
            <line number="121" hits="22" branch="False" />
            <line number="122" hits="22" branch="False" />
            <line number="123" hits="22" branch="False" />
            <line number="124" hits="21" branch="False" />
            <line number="126" hits="21" branch="False" />
            <line number="127" hits="21" branch="False" />
            <line number="128" hits="21" branch="False" />
            <line number="129" hits="21" branch="False" />
            <line number="130" hits="21" branch="False" />
            <line number="131" hits="21" branch="False" />
            <line number="132" hits="21" branch="False" />
            <line number="133" hits="21" branch="False" />
            <line number="134" hits="1" branch="False" />
            <line number="135" hits="1" branch="False" />
            <line number="136" hits="1" branch="False" />
            <line number="137" hits="1" branch="False" />
            <line number="138" hits="1" branch="False" />
            <line number="139" hits="1" branch="False" />
            <line number="140" hits="1" branch="False" />
            <line number="141" hits="1" branch="False" />
            <line number="142" hits="1" branch="False" />
            <line number="143" hits="1" branch="False" />
            <line number="144" hits="1" branch="False" />
            <line number="145" hits="1" branch="False" />
            <line number="146" hits="1" branch="False" />
            <line number="148" hits="22" branch="False" />
            <line number="149" hits="22" branch="False" />
            <line number="150" hits="22" branch="False" />
            <line number="151" hits="22" branch="False" />
            <line number="153" hits="22" branch="False" />
            <line number="154" hits="22" branch="False" />
          </lines>
        </class>
        <class name="BlobCopy.API.Services.BlobValidationService" filename="Services\BlobValidationService.cs" line-rate="0.8946999999999999" branch-rate="0.9666" complexity="30">
          <methods>
            <method name="ValidateUriFormat" signature="(System.String,System.String)" line-rate="0.75" branch-rate="1" complexity="8">
              <lines>
                <line number="317" hits="20" branch="False" />
                <line number="319" hits="20" branch="True" condition-coverage="100% (2/2)">
                  <conditions>
                    <condition number="18" type="jump" coverage="100%" />
                  </conditions>
                </line>
                <line number="320" hits="4" branch="False" />
                <line number="321" hits="4" branch="False" />
                <line number="322" hits="4" branch="False" />
                <line number="323" hits="4" branch="False" />
                <line number="324" hits="4" branch="False" />
                <line number="325" hits="4" branch="False" />
                <line number="326" hits="4" branch="False" />
                <line number="330" hits="16" branch="True" condition-coverage="100% (6/6)">
                  <conditions>
                    <condition number="76" type="jump" coverage="100%" />
                    <condition number="90" type="jump" coverage="100%" />
                    <condition number="112" type="jump" coverage="100%" />
                  </conditions>
                </line>
                <line number="331" hits="16" branch="False" />
                <line number="332" hits="16" branch="False" />
                <line number="333" hits="2" branch="False" />
                <line number="334" hits="2" branch="False" />
                <line number="335" hits="2" branch="False" />
                <line number="336" hits="2" branch="False" />
                <line number="337" hits="2" branch="False" />
                <line number="338" hits="2" branch="False" />
                <line number="339" hits="2" branch="False" />
                <line number="344" hits="14" branch="False" />
                <line number="345" hits="14" branch="False" />
                <line number="346" hits="14" branch="False" />
                <line number="347" hits="0" branch="False" />
                <line number="348" hits="0" branch="False" />
                <line number="349" hits="0" branch="False" />
                <line number="350" hits="0" branch="False" />
                <line number="351" hits="0" branch="False" />
                <line number="352" hits="0" branch="False" />
                <line number="353" hits="0" branch="False" />
                <line number="354" hits="0" branch="False" />
                <line number="357" hits="14" branch="False" />
                <line number="358" hits="20" branch="False" />
              </lines>
            </method>
            <method name="ValidateContainerName" signature="(System.String)" line-rate="1" branch-rate="1" complexity="16">
              <lines>
                <line number="364" hits="9" branch="False" />
                <line number="371" hits="9" branch="True" condition-coverage="100% (4/4)">
                  <conditions>
                    <condition number="8" type="jump" coverage="100%" />
                    <condition number="25" type="jump" coverage="100%" />
                  </conditions>
                </line>
                <line number="372" hits="2" branch="False" />
                <line number="373" hits="2" branch="False" />
                <line number="374" hits="2" branch="False" />
                <line number="375" hits="2" branch="False" />
                <line number="376" hits="2" branch="False" />
                <line number="377" hits="2" branch="False" />
                <line number="378" hits="2" branch="False" />
                <line number="381" hits="67" branch="True" condition-coverage="100% (6/6)">
                  <conditions>
                    <condition number="117" type="jump" coverage="100%" />
                    <condition number="6" type="jump" coverage="100%" />
                    <condition number="14" type="jump" coverage="100%" />
                  </conditions>
                </line>
                <line number="382" hits="1" branch="False" />
                <line number="383" hits="1" branch="False" />
                <line number="384" hits="1" branch="False" />
                <line number="385" hits="1" branch="False" />
                <line number="386" hits="1" branch="False" />
                <line number="387" hits="1" branch="False" />
                <line number="388" hits="1" branch="False" />
                <line number="391" hits="6" branch="True" condition-coverage="100% (4/4)">
                  <conditions>
                    <condition number="175" type="jump" coverage="100%" />
                    <condition number="190" type="jump" coverage="100%" />
                  </conditions>
                </line>
                <line number="392" hits="2" branch="False" />
                <line number="393" hits="2" branch="False" />
                <line number="394" hits="2" branch="False" />
                <line number="395" hits="2" branch="False" />
                <line number="396" hits="2" branch="False" />
                <line number="397" hits="2" branch="False" />
                <line number="398" hits="2" branch="False" />
                <line number="401" hits="4" branch="True" condition-coverage="100% (2/2)">
                  <conditions>
                    <condition number="252" type="jump" coverage="100%" />
                  </conditions>
                </line>
                <line number="402" hits="1" branch="False" />
                <line number="403" hits="1" branch="False" />
                <line number="404" hits="1" branch="False" />
                <line number="405" hits="1" branch="False" />
                <line number="406" hits="1" branch="False" />
                <line number="407" hits="1" branch="False" />
                <line number="408" hits="1" branch="False" />
                <line number="411" hits="3" branch="False" />
                <line number="412" hits="9" branch="False" />
              </lines>
            </method>
            <method name=".ctor" signature="(Azure.Storage.Blobs.BlobServiceClient,BlobCopy.API.Services.IBlobClientFactory,Microsoft.Extensions.Logging.ILogger`1&lt;BlobCopy.API.Services.BlobValidationService&gt;)" line-rate="1" branch-rate="0.8332999999999999" complexity="6">
              <lines>
                <line number="75" hits="30" branch="False" />
                <line number="76" hits="30" branch="False" />
                <line number="77" hits="30" branch="False" />
                <line number="78" hits="30" branch="False" />
                <line number="79" hits="30" branch="False" />
                <line number="80" hits="30" branch="True" condition-coverage="100% (2/2)">
                  <conditions>
                    <condition number="11" type="jump" coverage="100%" />
                  </conditions>
                </line>
                <line number="81" hits="29" branch="True" condition-coverage="50% (1/2)">
                  <conditions>
                    <condition number="33" type="jump" coverage="50%" />
                  </conditions>
                </line>
                <line number="82" hits="29" branch="True" condition-coverage="100% (2/2)">
                  <conditions>
                    <condition number="55" type="jump" coverage="100%" />
                  </conditions>
                </line>
                <line number="83" hits="28" branch="False" />
              </lines>
            </method>
          </methods>
          <lines>
            <line number="317" hits="20" branch="False" />
            <line number="319" hits="20" branch="True" condition-coverage="100% (2/2)">
              <conditions>
                <condition number="18" type="jump" coverage="100%" />
              </conditions>
            </line>
            <line number="320" hits="4" branch="False" />
            <line number="321" hits="4" branch="False" />
            <line number="322" hits="4" branch="False" />
            <line number="323" hits="4" branch="False" />
            <line number="324" hits="4" branch="False" />
            <line number="325" hits="4" branch="False" />
            <line number="326" hits="4" branch="False" />
            <line number="330" hits="16" branch="True" condition-coverage="100% (6/6)">
              <conditions>
                <condition number="76" type="jump" coverage="100%" />
                <condition number="90" type="jump" coverage="100%" />
                <condition number="112" type="jump" coverage="100%" />
              </conditions>
            </line>
            <line number="331" hits="16" branch="False" />
            <line number="332" hits="16" branch="False" />
            <line number="333" hits="2" branch="False" />
            <line number="334" hits="2" branch="False" />
            <line number="335" hits="2" branch="False" />
            <line number="336" hits="2" branch="False" />
            <line number="337" hits="2" branch="False" />
            <line number="338" hits="2" branch="False" />
            <line number="339" hits="2" branch="False" />
            <line number="344" hits="14" branch="False" />
            <line number="345" hits="14" branch="False" />
            <line number="346" hits="14" branch="False" />
            <line number="347" hits="0" branch="False" />
            <line number="348" hits="0" branch="False" />
            <line number="349" hits="0" branch="False" />
            <line number="350" hits="0" branch="False" />
            <line number="351" hits="0" branch="False" />
            <line number="352" hits="0" branch="False" />
            <line number="353" hits="0" branch="False" />
            <line number="354" hits="0" branch="False" />
            <line number="357" hits="14" branch="False" />
            <line number="358" hits="20" branch="False" />
            <line number="364" hits="9" branch="False" />
            <line number="371" hits="9" branch="True" condition-coverage="100% (4/4)">
              <conditions>
                <condition number="8" type="jump" coverage="100%" />
                <condition number="25" type="jump" coverage="100%" />
              </conditions>
            </line>
            <line number="372" hits="2" branch="False" />
            <line number="373" hits="2" branch="False" />
            <line number="374" hits="2" branch="False" />
            <line number="375" hits="2" branch="False" />
            <line number="376" hits="2" branch="False" />
            <line number="377" hits="2" branch="False" />
            <line number="378" hits="2" branch="False" />
            <line number="381" hits="67" branch="True" condition-coverage="100% (6/6)">
              <conditions>
                <condition number="117" type="jump" coverage="100%" />
                <condition number="6" type="jump" coverage="100%" />
                <condition number="14" type="jump" coverage="100%" />
              </conditions>
            </line>
            <line number="382" hits="1" branch="False" />
            <line number="383" hits="1" branch="False" />
            <line number="384" hits="1" branch="False" />
            <line number="385" hits="1" branch="False" />
            <line number="386" hits="1" branch="False" />
            <line number="387" hits="1" branch="False" />
            <line number="388" hits="1" branch="False" />
            <line number="391" hits="6" branch="True" condition-coverage="100% (4/4)">
              <conditions>
                <condition number="175" type="jump" coverage="100%" />
                <condition number="190" type="jump" coverage="100%" />
              </conditions>
            </line>
            <line number="392" hits="2" branch="False" />
            <line number="393" hits="2" branch="False" />
            <line number="394" hits="2" branch="False" />
            <line number="395" hits="2" branch="False" />
            <line number="396" hits="2" branch="False" />
            <line number="397" hits="2" branch="False" />
            <line number="398" hits="2" branch="False" />
            <line number="401" hits="4" branch="True" condition-coverage="100% (2/2)">
              <conditions>
                <condition number="252" type="jump" coverage="100%" />
              </conditions>
            </line>
            <line number="402" hits="1" branch="False" />
            <line number="403" hits="1" branch="False" />
            <line number="404" hits="1" branch="False" />
            <line number="405" hits="1" branch="False" />
            <line number="406" hits="1" branch="False" />
            <line number="407" hits="1" branch="False" />
            <line number="408" hits="1" branch="False" />
            <line number="411" hits="3" branch="False" />
            <line number="412" hits="9" branch="False" />
            <line number="75" hits="30" branch="False" />
            <line number="76" hits="30" branch="False" />
            <line number="77" hits="30" branch="False" />
            <line number="78" hits="30" branch="False" />
            <line number="79" hits="30" branch="False" />
            <line number="80" hits="30" branch="True" condition-coverage="100% (2/2)">
              <conditions>
                <condition number="11" type="jump" coverage="100%" />
              </conditions>
            </line>
            <line number="81" hits="29" branch="True" condition-coverage="50% (1/2)">
              <conditions>
                <condition number="33" type="jump" coverage="50%" />
              </conditions>
            </line>
            <line number="82" hits="29" branch="True" condition-coverage="100% (2/2)">
              <conditions>
                <condition number="55" type="jump" coverage="100%" />
              </conditions>
            </line>
            <line number="83" hits="28" branch="False" />
          </lines>
        </class>
        <class name="BlobCopy.API.Services.BlobValidationService/&lt;GetBlobSizeAsync&gt;d__9" filename="Services\BlobValidationService.cs" line-rate="0.9" branch-rate="1" complexity="1">
          <methods>
            <method name="MoveNext" signature="()" line-rate="0.9" branch-rate="1" complexity="1">
              <lines>
                <line number="299" hits="1" branch="False" />
                <line number="301" hits="1" branch="False" />
                <line number="302" hits="1" branch="False" />
                <line number="303" hits="1" branch="False" />
                <line number="304" hits="0" branch="False" />
                <line number="306" hits="1" branch="False" />
                <line number="307" hits="1" branch="False" />
                <line number="308" hits="1" branch="False" />
                <line number="309" hits="1" branch="False" />
                <line number="311" hits="1" branch="False" />
              </lines>
            </method>
          </methods>
          <lines>
            <line number="299" hits="1" branch="False" />
            <line number="301" hits="1" branch="False" />
            <line number="302" hits="1" branch="False" />
            <line number="303" hits="1" branch="False" />
            <line number="304" hits="0" branch="False" />
            <line number="306" hits="1" branch="False" />
            <line number="307" hits="1" branch="False" />
            <line number="308" hits="1" branch="False" />
            <line number="309" hits="1" branch="False" />
            <line number="311" hits="1" branch="False" />
          </lines>
        </class>
        <class name="BlobCopy.API.Services.BlobValidationService/&lt;ValidateDestinationAsync&gt;d__8" filename="Services\BlobValidationService.cs" line-rate="0.64" branch-rate="1" complexity="4">
          <methods>
            <method name="MoveNext" signature="()" line-rate="0.64" branch-rate="1" complexity="4">
              <lines>
                <line number="227" hits="10" branch="False" />
                <line number="229" hits="10" branch="False" />
                <line number="231" hits="10" branch="False" />
                <line number="232" hits="10" branch="False" />
                <line number="234" hits="10" branch="True" condition-coverage="100% (2/2)">
                  <conditions>
                    <condition number="82" type="jump" coverage="100%" />
                  </conditions>
                </line>
                <line number="235" hits="1" branch="False" />
                <line number="236" hits="1" branch="False" />
                <line number="237" hits="1" branch="False" />
                <line number="238" hits="1" branch="False" />
                <line number="239" hits="1" branch="False" />
                <line number="240" hits="1" branch="False" />
                <line number="241" hits="1" branch="False" />
                <line number="244" hits="9" branch="False" />
                <line number="247" hits="9" branch="False" />
                <line number="248" hits="9" branch="True" condition-coverage="100% (2/2)">
                  <conditions>
                    <condition number="180" type="jump" coverage="100%" />
                  </conditions>
                </line>
                <line number="249" hits="6" branch="False" />
                <line number="250" hits="6" branch="False" />
                <line number="254" hits="3" branch="False" />
                <line number="257" hits="3" branch="False" />
                <line number="259" hits="3" branch="False" />
                <line number="260" hits="1" branch="False" />
                <line number="261" hits="1" branch="False" />
                <line number="263" hits="0" branch="False" />
                <line number="264" hits="0" branch="False" />
                <line number="265" hits="0" branch="False" />
                <line number="266" hits="0" branch="False" />
                <line number="267" hits="0" branch="False" />
                <line number="268" hits="0" branch="False" />
                <line number="269" hits="0" branch="False" />
                <line number="270" hits="0" branch="False" />
                <line number="271" hits="0" branch="False" />
                <line number="273" hits="0" branch="False" />
                <line number="274" hits="0" branch="False" />
                <line number="275" hits="0" branch="False" />
                <line number="276" hits="0" branch="False" />
                <line number="277" hits="0" branch="False" />
                <line number="278" hits="0" branch="False" />
                <line number="279" hits="0" branch="False" />
                <line number="280" hits="0" branch="False" />
                <line number="281" hits="0" branch="False" />
                <line number="284" hits="2" branch="False" />
                <line number="285" hits="2" branch="False" />
                <line number="286" hits="2" branch="False" />
                <line number="287" hits="2" branch="False" />
                <line number="288" hits="2" branch="False" />
                <line number="289" hits="2" branch="False" />
                <line number="290" hits="2" branch="False" />
                <line number="291" hits="2" branch="False" />
                <line number="292" hits="2" branch="False" />
                <line number="294" hits="10" branch="False" />
              </lines>
            </method>
          </methods>
          <lines>
            <line number="227" hits="10" branch="False" />
            <line number="229" hits="10" branch="False" />
            <line number="231" hits="10" branch="False" />
            <line number="232" hits="10" branch="False" />
            <line number="234" hits="10" branch="True" condition-coverage="100% (2/2)">
              <conditions>
                <condition number="82" type="jump" coverage="100%" />
              </conditions>
            </line>
            <line number="235" hits="1" branch="False" />
            <line number="236" hits="1" branch="False" />
            <line number="237" hits="1" branch="False" />
            <line number="238" hits="1" branch="False" />
            <line number="239" hits="1" branch="False" />
            <line number="240" hits="1" branch="False" />
            <line number="241" hits="1" branch="False" />
            <line number="244" hits="9" branch="False" />
            <line number="247" hits="9" branch="False" />
            <line number="248" hits="9" branch="True" condition-coverage="100% (2/2)">
              <conditions>
                <condition number="180" type="jump" coverage="100%" />
              </conditions>
            </line>
            <line number="249" hits="6" branch="False" />
            <line number="250" hits="6" branch="False" />
            <line number="254" hits="3" branch="False" />
            <line number="257" hits="3" branch="False" />
            <line number="259" hits="3" branch="False" />
            <line number="260" hits="1" branch="False" />
            <line number="261" hits="1" branch="False" />
            <line number="263" hits="0" branch="False" />
            <line number="264" hits="0" branch="False" />
            <line number="265" hits="0" branch="False" />
            <line number="266" hits="0" branch="False" />
            <line number="267" hits="0" branch="False" />
            <line number="268" hits="0" branch="False" />
            <line number="269" hits="0" branch="False" />
            <line number="270" hits="0" branch="False" />
            <line number="271" hits="0" branch="False" />
            <line number="273" hits="0" branch="False" />
            <line number="274" hits="0" branch="False" />
            <line number="275" hits="0" branch="False" />
            <line number="276" hits="0" branch="False" />
            <line number="277" hits="0" branch="False" />
            <line number="278" hits="0" branch="False" />
            <line number="279" hits="0" branch="False" />
            <line number="280" hits="0" branch="False" />
            <line number="281" hits="0" branch="False" />
            <line number="284" hits="2" branch="False" />
            <line number="285" hits="2" branch="False" />
            <line number="286" hits="2" branch="False" />
            <line number="287" hits="2" branch="False" />
            <line number="288" hits="2" branch="False" />
            <line number="289" hits="2" branch="False" />
            <line number="290" hits="2" branch="False" />
            <line number="291" hits="2" branch="False" />
            <line number="292" hits="2" branch="False" />
            <line number="294" hits="10" branch="False" />
          </lines>
        </class>
        <class name="BlobCopy.API.Services.BlobValidationService/&lt;ValidateSourceBlobAsync&gt;d__7" filename="Services\BlobValidationService.cs" line-rate="0.26780000000000004" branch-rate="0" complexity="4">
          <methods>
            <method name="MoveNext" signature="()" line-rate="0.26780000000000004" branch-rate="0" complexity="4">
              <lines>
                <line number="155" hits="4" branch="False" />
                <line number="157" hits="4" branch="False" />
                <line number="158" hits="4" branch="False" />
                <line number="159" hits="4" branch="False" />
                <line number="162" hits="0" branch="True" condition-coverage="0% (0/2)">
                  <conditions>
                    <condition number="215" type="jump" coverage="0%" />
                  </conditions>
                </line>
                <line number="163" hits="0" branch="False" />
                <line number="164" hits="0" branch="False" />
                <line number="165" hits="0" branch="False" />
                <line number="166" hits="0" branch="False" />
                <line number="167" hits="0" branch="False" />
                <line number="168" hits="0" branch="False" />
                <line number="169" hits="0" branch="False" />
                <line number="170" hits="0" branch="False" />
                <line number="173" hits="0" branch="True" condition-coverage="0% (0/2)">
                  <conditions>
                    <condition number="384" type="jump" coverage="0%" />
                  </conditions>
                </line>
                <line number="174" hits="0" branch="False" />
                <line number="175" hits="0" branch="False" />
                <line number="176" hits="0" branch="False" />
                <line number="177" hits="0" branch="False" />
                <line number="178" hits="0" branch="False" />
                <line number="179" hits="0" branch="False" />
                <line number="180" hits="0" branch="False" />
                <line number="181" hits="0" branch="False" />
                <line number="184" hits="0" branch="False" />
                <line number="185" hits="0" branch="False" />
                <line number="186" hits="0" branch="False" />
                <line number="187" hits="0" branch="False" />
                <line number="188" hits="0" branch="False" />
                <line number="190" hits="0" branch="False" />
                <line number="192" hits="4" branch="False" />
                <line number="193" hits="0" branch="False" />
                <line number="194" hits="0" branch="False" />
                <line number="195" hits="0" branch="False" />
                <line number="196" hits="0" branch="False" />
                <line number="197" hits="0" branch="False" />
                <line number="198" hits="0" branch="False" />
                <line number="199" hits="0" branch="False" />
                <line number="200" hits="0" branch="False" />
                <line number="202" hits="4" branch="False" />
                <line number="203" hits="4" branch="False" />
                <line number="204" hits="4" branch="False" />
                <line number="205" hits="4" branch="False" />
                <line number="206" hits="4" branch="False" />
                <line number="207" hits="4" branch="False" />
                <line number="208" hits="4" branch="False" />
                <line number="209" hits="4" branch="False" />
                <line number="210" hits="4" branch="False" />
                <line number="212" hits="0" branch="False" />
                <line number="213" hits="0" branch="False" />
                <line number="214" hits="0" branch="False" />
                <line number="215" hits="0" branch="False" />
                <line number="216" hits="0" branch="False" />
                <line number="217" hits="0" branch="False" />
                <line number="218" hits="0" branch="False" />
                <line number="219" hits="0" branch="False" />
                <line number="220" hits="0" branch="False" />
                <line number="222" hits="4" branch="False" />
              </lines>
            </method>
          </methods>
          <lines>
            <line number="155" hits="4" branch="False" />
            <line number="157" hits="4" branch="False" />
            <line number="158" hits="4" branch="False" />
            <line number="159" hits="4" branch="False" />
            <line number="162" hits="0" branch="True" condition-coverage="0% (0/2)">
              <conditions>
                <condition number="215" type="jump" coverage="0%" />
              </conditions>
            </line>
            <line number="163" hits="0" branch="False" />
            <line number="164" hits="0" branch="False" />
            <line number="165" hits="0" branch="False" />
            <line number="166" hits="0" branch="False" />
            <line number="167" hits="0" branch="False" />
            <line number="168" hits="0" branch="False" />
            <line number="169" hits="0" branch="False" />
            <line number="170" hits="0" branch="False" />
            <line number="173" hits="0" branch="True" condition-coverage="0% (0/2)">
              <conditions>
                <condition number="384" type="jump" coverage="0%" />
              </conditions>
            </line>
            <line number="174" hits="0" branch="False" />
            <line number="175" hits="0" branch="False" />
            <line number="176" hits="0" branch="False" />
            <line number="177" hits="0" branch="False" />
            <line number="178" hits="0" branch="False" />
            <line number="179" hits="0" branch="False" />
            <line number="180" hits="0" branch="False" />
            <line number="181" hits="0" branch="False" />
            <line number="184" hits="0" branch="False" />
            <line number="185" hits="0" branch="False" />
            <line number="186" hits="0" branch="False" />
            <line number="187" hits="0" branch="False" />
            <line number="188" hits="0" branch="False" />
            <line number="190" hits="0" branch="False" />
            <line number="192" hits="4" branch="False" />
            <line number="193" hits="0" branch="False" />
            <line number="194" hits="0" branch="False" />
            <line number="195" hits="0" branch="False" />
            <line number="196" hits="0" branch="False" />
            <line number="197" hits="0" branch="False" />
            <line number="198" hits="0" branch="False" />
            <line number="199" hits="0" branch="False" />
            <line number="200" hits="0" branch="False" />
            <line number="202" hits="4" branch="False" />
            <line number="203" hits="4" branch="False" />
[...]
            <line number="410" hits="0" branch="False" />
            <line number="412" hits="3" branch="False" />
            <line number="413" hits="3" branch="False" />
            <line number="414" hits="3" branch="False" />
            <line number="415" hits="3" branch="False" />
            <line number="416" hits="3" branch="False" />
            <line number="417" hits="3" branch="False" />
            <line number="418" hits="3" branch="False" />
            <line number="419" hits="3" branch="False" />
            <line number="420" hits="3" branch="False" />
            <line number="421" hits="3" branch="False" />
            <line number="422" hits="3" branch="False" />
            <line number="423" hits="3" branch="False" />
            <line number="425" hits="22" branch="False" />
          </lines>
        </class>
        <class name="BlobCopy.API.Controllers.BlobCopyController/&lt;GetStatusAsync&gt;d__8" filename="Controllers\BlobCopyController.cs" line-rate="0" branch-rate="1" complexity="1">
          <methods>
            <method name="MoveNext" signature="()" line-rate="0" branch-rate="1" complexity="1">
              <lines>
                <line number="339" hits="0" branch="False" />
                <line number="340" hits="0" branch="False" />
                <line number="341" hits="0" branch="False" />
              </lines>
            </method>
          </methods>
          <lines>
            <line number="339" hits="0" branch="False" />
            <line number="340" hits="0" branch="False" />
            <line number="341" hits="0" branch="False" />
          </lines>
        </class>
        <class name="BlobCopy.API.Controllers.BlobCopyController/&lt;StartAsync&gt;d__6" filename="Controllers\BlobCopyController.cs" line-rate="0.8309000000000001" branch-rate="1" complexity="4">
          <methods>
            <method name="MoveNext" signature="()" line-rate="0.8309000000000001" branch-rate="1" complexity="4">
              <lines>
                <line number="152" hits="23" branch="False" />
                <line number="154" hits="23" branch="False" />
                <line number="156" hits="23" branch="True" condition-coverage="100% (2/2)">
                  <conditions>
                    <condition number="123" type="jump" coverage="100%" />
                  </conditions>
                </line>
                <line number="157" hits="1" branch="False" />
                <line number="158" hits="1" branch="False" />
                <line number="159" hits="1" branch="False" />
                <line number="160" hits="1" branch="False" />
                <line number="161" hits="1" branch="False" />
                <line number="162" hits="1" branch="False" />
                <line number="163" hits="1" branch="False" />
                <line number="164" hits="1" branch="False" />
                <line number="165" hits="1" branch="False" />
                <line number="166" hits="1" branch="False" />
                <line number="167" hits="1" branch="False" />
                <line number="170" hits="22" branch="False" />
                <line number="171" hits="22" branch="False" />
                <line number="172" hits="22" branch="False" />
                <line number="173" hits="22" branch="False" />
                <line number="174" hits="22" branch="False" />
                <line number="177" hits="22" branch="False" />
                <line number="178" hits="22" branch="False" />
                <line number="179" hits="22" branch="False" />
                <line number="180" hits="22" branch="False" />
                <line number="181" hits="22" branch="False" />
                <line number="183" hits="21" branch="True" condition-coverage="100% (2/2)">
                  <conditions>
                    <condition number="463" type="jump" coverage="100%" />
                  </conditions>
                </line>
                <line number="184" hits="6" branch="False" />
                <line number="185" hits="6" branch="False" />
                <line number="186" hits="6" branch="False" />
                <line number="190" hits="15" branch="False" />
                <line number="193" hits="15" branch="False" />
                <line number="194" hits="15" branch="False" />
                <line number="195" hits="15" branch="False" />
                <line number="196" hits="15" branch="False" />
                <line number="197" hits="15" branch="False" />
                <line number="198" hits="15" branch="False" />
                <line number="200" hits="14" branch="False" />
                <line number="201" hits="14" branch="False" />
                <line number="202" hits="14" branch="False" />
                <line number="203" hits="14" branch="False" />
                <line number="204" hits="14" branch="False" />
                <line number="208" hits="14" branch="False" />
                <line number="210" hits="14" branch="False" />
                <line number="226" hits="14" branch="False" />
                <line number="227" hits="14" branch="False" />
                <line number="239" hits="14" branch="False" />
                <line number="242" hits="14" branch="False" />
                <line number="244" hits="0" branch="False" />
                <line number="245" hits="0" branch="False" />
                <line number="246" hits="0" branch="False" />
                <line number="247" hits="0" branch="False" />
                <line number="248" hits="0" branch="False" />
                <line number="249" hits="0" branch="False" />
                <line number="250" hits="0" branch="False" />
                <line number="251" hits="0" branch="False" />
                <line number="252" hits="0" branch="False" />
                <line number="253" hits="0" branch="False" />
                <line number="254" hits="0" branch="False" />
                <line number="255" hits="0" branch="False" />
                <line number="257" hits="2" branch="False" />
                <line number="258" hits="2" branch="False" />
                <line number="259" hits="2" branch="False" />
                <line number="260" hits="2" branch="False" />
                <line number="261" hits="2" branch="False" />
                <line number="262" hits="2" branch="False" />
                <line number="263" hits="2" branch="False" />
                <line number="264" hits="2" branch="False" />
                <line number="265" hits="2" branch="False" />
                <line number="266" hits="2" branch="False" />
                <line number="267" hits="2" branch="False" />
                <line number="268" hits="2" branch="False" />
                <line number="270" hits="23" branch="False" />
              </lines>
            </method>
          </methods>
          <lines>
            <line number="152" hits="23" branch="False" />
            <line number="154" hits="23" branch="False" />
            <line number="156" hits="23" branch="True" condition-coverage="100% (2/2)">
              <conditions>
                <condition number="123" type="jump" coverage="100%" />
              </conditions>
            </line>
            <line number="157" hits="1" branch="False" />
            <line number="158" hits="1" branch="False" />
            <line number="159" hits="1" branch="False" />
            <line number="160" hits="1" branch="False" />
            <line number="161" hits="1" branch="False" />
            <line number="162" hits="1" branch="False" />
            <line number="163" hits="1" branch="False" />
            <line number="164" hits="1" branch="False" />
            <line number="165" hits="1" branch="False" />
            <line number="166" hits="1" branch="False" />
            <line number="167" hits="1" branch="False" />
            <line number="170" hits="22" branch="False" />
            <line number="171" hits="22" branch="False" />
            <line number="172" hits="22" branch="False" />
            <line number="173" hits="22" branch="False" />
            <line number="174" hits="22" branch="False" />
            <line number="177" hits="22" branch="False" />
            <line number="178" hits="22" branch="False" />
            <line number="179" hits="22" branch="False" />
            <line number="180" hits="22" branch="False" />
            <line number="181" hits="22" branch="False" />
            <line number="183" hits="21" branch="True" condition-coverage="100% (2/2)">
              <conditions>
                <condition number="463" type="jump" coverage="100%" />
              </conditions>
            </line>
            <line number="184" hits="6" branch="False" />
            <line number="185" hits="6" branch="False" />
            <line number="186" hits="6" branch="False" />
            <line number="190" hits="15" branch="False" />
            <line number="193" hits="15" branch="False" />
            <line number="194" hits="15" branch="False" />
            <line number="195" hits="15" branch="False" />
            <line number="196" hits="15" branch="False" />
            <line number="197" hits="15" branch="False" />
            <line number="198" hits="15" branch="False" />
            <line number="200" hits="14" branch="False" />
            <line number="201" hits="14" branch="False" />
            <line number="202" hits="14" branch="False" />
            <line number="203" hits="14" branch="False" />
            <line number="204" hits="14" branch="False" />
            <line number="208" hits="14" branch="False" />
            <line number="210" hits="14" branch="False" />
            <line number="226" hits="14" branch="False" />
            <line number="227" hits="14" branch="False" />
            <line number="239" hits="14" branch="False" />
            <line number="242" hits="14" branch="False" />
            <line number="244" hits="0" branch="False" />
            <line number="245" hits="0" branch="False" />
            <line number="246" hits="0" branch="False" />
            <line number="247" hits="0" branch="False" />
            <line number="248" hits="0" branch="False" />
            <line number="249" hits="0" branch="False" />
            <line number="250" hits="0" branch="False" />
            <line number="251" hits="0" branch="False" />
            <line number="252" hits="0" branch="False" />
            <line number="253" hits="0" branch="False" />
            <line number="254" hits="0" branch="False" />
            <line number="255" hits="0" branch="False" />
            <line number="257" hits="2" branch="False" />
            <line number="258" hits="2" branch="False" />
            <line number="259" hits="2" branch="False" />
            <line number="260" hits="2" branch="False" />
            <line number="261" hits="2" branch="False" />
            <line number="262" hits="2" branch="False" />
            <line number="263" hits="2" branch="False" />
            <line number="264" hits="2" branch="False" />
            <line number="265" hits="2" branch="False" />
            <line number="266" hits="2" branch="False" />
            <line number="267" hits="2" branch="False" />
            <line number="268" hits="2" branch="False" />
            <line number="270" hits="23" branch="False" />
          </lines>
        </class>
        <class name="BlobCopy.API.Controllers.BlobCopyController/&lt;ValidateAsync&gt;d__5" filename="Controllers\BlobCopyController.cs" line-rate="0.8031999999999999" branch-rate="1" complexity="4">
          <methods>
            <method name="MoveNext" signature="()" line-rate="0.8031999999999999" branch-rate="1" complexity="4">
              <lines>
                <line number="57" hits="16" branch="False" />
                <line number="59" hits="16" branch="False" />
                <line number="61" hits="16" branch="True" condition-coverage="100% (2/2)">
                  <conditions>
                    <condition number="38" type="jump" coverage="100%" />
                  </conditions>
                </line>
                <line number="62" hits="1" branch="False" />
                <line number="63" hits="1" branch="False" />
                <line number="64" hits="1" branch="False" />
                <line number="65" hits="1" branch="False" />
                <line number="66" hits="1" branch="False" />
                <line number="67" hits="1" branch="False" />
                <line number="68" hits="1" branch="False" />
                <line number="69" hits="1" branch="False" />
                <line number="70" hits="1" branch="False" />
                <line number="71" hits="1" branch="False" />
                <line number="72" hits="1" branch="False" />
                <line number="75" hits="15" branch="False" />
                <line number="76" hits="15" branch="False" />
                <line number="77" hits="15" branch="False" />
                <line number="78" hits="15" branch="False" />
                <line number="79" hits="15" branch="False" />
                <line number="82" hits="15" branch="False" />
                <line number="83" hits="15" branch="False" />
                <line number="84" hits="15" branch="False" />
                <line number="85" hits="15" branch="False" />
                <line number="86" hits="15" branch="False" />
                <line number="88" hits="14" branch="True" condition-coverage="100% (2/2)">
                  <conditions>
                    <condition number="368" type="jump" coverage="100%" />
                  </conditions>
                </line>
                <line number="89" hits="7" branch="False" />
                <line number="90" hits="7" branch="False" />
                <line number="91" hits="7" branch="False" />
                <line number="92" hits="7" branch="False" />
                <line number="93" hits="7" branch="False" />
                <line number="94" hits="7" branch="False" />
                <line number="97" hits="7" branch="False" />
                <line number="98" hits="7" branch="False" />
                <line number="99" hits="7" branch="False" />
                <line number="100" hits="7" branch="False" />
                <line number="102" hits="7" branch="False" />
                <line number="104" hits="0" branch="False" />
                <line number="105" hits="0" branch="False" />
                <line number="106" hits="0" branch="False" />
                <line number="107" hits="0" branch="False" />
                <line number="108" hits="0" branch="False" />
                <line number="109" hits="0" branch="False" />
                <line number="110" hits="0" branch="False" />
                <line number="111" hits="0" branch="False" />
                <line number="112" hits="0" branch="False" />
                <line number="113" hits="0" branch="False" />
                <line number="114" hits="0" branch="False" />
                <line number="115" hits="0" branch="False" />
                <line number="117" hits="1" branch="False" />
                <line number="118" hits="1" branch="False" />
                <line number="119" hits="1" branch="False" />
                <line number="120" hits="1" branch="False" />
                <line number="121" hits="1" branch="False" />
                <line number="122" hits="1" branch="False" />
                <line number="123" hits="1" branch="False" />
                <line number="124" hits="1" branch="False" />
                <line number="125" hits="1" branch="False" />
                <line number="126" hits="1" branch="False" />
                <line number="127" hits="1" branch="False" />
                <line number="128" hits="1" branch="False" />
                <line number="130" hits="16" branch="False" />
              </lines>
            </method>
          </methods>
          <lines>
            <line number="57" hits="16" branch="False" />
            <line number="59" hits="16" branch="False" />
            <line number="61" hits="16" branch="True" condition-coverage="100% (2/2)">
              <conditions>
                <condition number="38" type="jump" coverage="100%" />
              </conditions>
            </line>
            <line number="62" hits="1" branch="False" />
            <line number="63" hits="1" branch="False" />
            <line number="64" hits="1" branch="False" />
            <line number="65" hits="1" branch="False" />
            <line number="66" hits="1" branch="False" />
            <line number="67" hits="1" branch="False" />
            <line number="68" hits="1" branch="False" />
            <line number="69" hits="1" branch="False" />
            <line number="70" hits="1" branch="False" />
            <line number="71" hits="1" branch="False" />
            <line number="72" hits="1" branch="False" />
            <line number="75" hits="15" branch="False" />
            <line number="76" hits="15" branch="False" />
            <line number="77" hits="15" branch="False" />
            <line number="78" hits="15" branch="False" />
            <line number="79" hits="15" branch="False" />
            <line number="82" hits="15" branch="False" />
            <line number="83" hits="15" branch="False" />
            <line number="84" hits="15" branch="False" />
            <line number="85" hits="15" branch="False" />
            <line number="86" hits="15" branch="False" />
            <line number="88" hits="14" branch="True" condition-coverage="100% (2/2)">
              <conditions>
                <condition number="368" type="jump" coverage="100%" />
              </conditions>
            </line>
            <line number="89" hits="7" branch="False" />
            <line number="90" hits="7" branch="False" />
            <line number="91" hits="7" branch="False" />
            <line number="92" hits="7" branch="False" />
            <line number="93" hits="7" branch="False" />
            <line number="94" hits="7" branch="False" />
            <line number="97" hits="7" branch="False" />
            <line number="98" hits="7" branch="False" />
            <line number="99" hits="7" branch="False" />
            <line number="100" hits="7" branch="False" />
            <line number="102" hits="7" branch="False" />
            <line number="104" hits="0" branch="False" />
            <line number="105" hits="0" branch="False" />
            <line number="106" hits="0" branch="False" />
            <line number="107" hits="0" branch="False" />
            <line number="108" hits="0" branch="False" />
            <line number="109" hits="0" branch="False" />
            <line number="110" hits="0" branch="False" />
            <line number="111" hits="0" branch="False" />
            <line number="112" hits="0" branch="False" />
            <line number="113" hits="0" branch="False" />
            <line number="114" hits="0" branch="False" />
            <line number="115" hits="0" branch="False" />
            <line number="117" hits="1" branch="False" />
            <line number="118" hits="1" branch="False" />
            <line number="119" hits="1" branch="False" />
            <line number="120" hits="1" branch="False" />
            <line number="121" hits="1" branch="False" />
            <line number="122" hits="1" branch="False" />
            <line number="123" hits="1" branch="False" />
            <line number="124" hits="1" branch="False" />
            <line number="125" hits="1" branch="False" />
            <line number="126" hits="1" branch="False" />
            <line number="127" hits="1" branch="False" />
            <line number="128" hits="1" branch="False" />
            <line number="130" hits="16" branch="False" />
          </lines>
        </class>
      </classes>
    </package>
  </packages>
</coverage>